<?xml version="1.0" encoding="UTF-8"?>
<!-- Generated by org.testng.reporters.JUnitXMLReporter -->
<testsuite hostname="DESKTOP-VTVNNFS" ignored="3" name="Default test(failed)" tests="2" failures="2" timestamp="29 Nov 2021 06:56:07 GMT" time="0.123" errors="0">
  <testcase name="tc5" time="0.05" classname="org.pojo.ParallelTNG2">
    <failure type="java.lang.NullPointerException">
      <![CDATA[java.lang.NullPointerException
at org.pojo.ParallelTNG2.tc5(ParallelTNG2.java:56)
... Removed 25 stack frames]]>
    </failure>
  </testcase> <!-- tc5 -->
  <testcase name="tc4" time="0.002" classname="org.pojo.ParallelTNG2">
    <failure type="java.lang.NullPointerException">
      <![CDATA[java.lang.NullPointerException
at org.pojo.ParallelTNG2.tc4(ParallelTNG2.java:48)
... Removed 25 stack frames]]>
    </failure>
  </testcase> <!-- tc4 -->
  <testcase name="tc3" time="0.0" classname="org.pojo.ParallelTNG2">
    <ignored/>
  </testcase> <!-- tc3 -->
  <testcase name="tc1" time="0.0" classname="org.pojo.ParallelTNG2">
    <ignored/>
  </testcase> <!-- tc1 -->
  <testcase name="tc2" time="0.0" classname="org.pojo.ParallelTNG2">
    <ignored/>
  </testcase> <!-- tc2 -->
</testsuite> <!-- Default test(failed) -->
