<?xml version="1.0" encoding="UTF-8"?>
<!-- Generated by org.testng.reporters.JUnitXMLReporter -->
<testsuite hostname="DESKTOP-VTVNNFS" ignored="0" name="Test" tests="9" failures="1" timestamp="29 Nov 2021 07:18:05 GMT" time="0.164" errors="0">
  <testcase name="tc1" time="0.021" classname="org.pojo.RerunAuto"/>
  <testcase name="tc2" time="0.007" classname="org.pojo.RerunAuto">
    <skipped/>
  </testcase> <!-- tc2 -->
  <testcase name="tc2" time="0.003" classname="org.pojo.RerunAuto">
    <skipped/>
  </testcase> <!-- tc2 -->
  <testcase name="tc2" time="0.001" classname="org.pojo.RerunAuto">
    <skipped/>
  </testcase> <!-- tc2 -->
  <testcase name="tc2" time="0.002" classname="org.pojo.RerunAuto">
    <skipped/>
  </testcase> <!-- tc2 -->
  <testcase name="tc2" time="0.005" classname="org.pojo.RerunAuto">
    <failure type="java.lang.AssertionError" message="Verify the Test case expected [true] but found [false]">
      <![CDATA[java.lang.AssertionError: Verify the Test case expected [true] but found [false]
at org.pojo.RerunAuto.tc2(RerunAuto.java:16)
... Removed 28 stack frames]]>
    </failure>
  </testcase> <!-- tc2 -->
  <testcase name="tc3" time="0.002" classname="org.pojo.RerunAuto"/>
  <testcase name="tc4" time="0.002" classname="org.pojo.RerunAuto"/>
  <testcase name="tc5" time="0.002" classname="org.pojo.RerunAuto"/>
</testsuite> <!-- Test -->
